Saturday, January 27. 07:57 PM 
 
 Server bezi na portu: 22434

Saturday, January 27. 07:57 PM 
 
 Server bezi na adrese: 

Saturday, January 27. 07:57 PM 
 
 Server bezi na vsech interfaces: 

Saturday, January 27. 07:57 PM 
 
 Server bezi na portu: 22343

Saturday, January 27. 07:57 PM 
 
 Server bezi na adrese: 127.0.0.1

Saturday, January 27. 07:57 PM 
 
 Server bezi na adrese 127.0.0.1: 

Saturday, January 27. 07:57 PM 
 
 connection from 127.0.0.1:50562

Saturday, January 27. 07:57 PM 
 
 connection from 127.0.0.1:50564

Saturday, January 27. 08:00 PM 
 
 Registrace uzivatele: A

Saturday, January 27. 08:00 PM 
 
 Registrace uzivatele: S

Saturday, January 27. 08:00 PM 
 
 Prihlaseny uzivatel: A

Saturday, January 27. 08:00 PM 
 
 Prihlaseny uzivatel: S

Saturday, January 27. 08:13 PM 
 
 Prijata zprava :endGame nevalidni vstup 

Saturday, January 27. 08:14 PM 
 
 connection from 127.0.0.1:50566

Saturday, January 27. 08:14 PM 
 
 Registrace uzivatele: Q

Saturday, January 27. 08:14 PM 
 
 Prihlaseny uzivatel: Q

Saturday, January 27. 08:14 PM 
 
 Server konec vlakna 

Saturday, January 27. 08:14 PM 
 
 Odhlasen uzivatel: A
)
Saturday, January 27. 08:14 PM 
 
 Server konec vlakna 

Saturday, January 27. 08:14 PM 
 
 connection from 127.0.0.1:50568

Saturday, January 27. 08:14 PM 
 
 connection from 127.0.0.1:50570

Saturday, January 27. 08:14 PM 
 
 Prihlaseny uzivatel: S

Saturday, January 27. 08:14 PM 
 
 Prihlaseny uzivatel: A

Saturday, January 27. 08:15 PM 
 
 Prijata zprava :endGame nevalidni vstup 

Saturday, January 27. 08:16 PM 
 
 connection from 127.0.0.1:50572

Saturday, January 27. 08:16 PM 
 
 Odhlasen uzivatel: A
)
Saturday, January 27. 08:16 PM 
 
 Server konec vlakna 

Saturday, January 27. 08:16 PM 
 
 connection from 127.0.0.1:50574

Saturday, January 27. 08:16 PM 
 
 connection from 127.0.0.1:50576

Saturday, January 27. 08:16 PM 
 
 Prihlaseny uzivatel: A

Saturday, January 27. 08:16 PM 
 
 Prihlaseny uzivatel: S

Saturday, January 27. 08:17 PM 
 
 Prihlaseny uzivatel: Q

Saturday, January 27. 08:17 PM 
 
 Prijata zprava :endGame nevalidni vstup 

Saturday, January 27. 08:17 PM 
 
 Prijata zprava :endGame nevalidni vstup 

Saturday, January 27. 08:17 PM 
 
 Odhlasen uzivatel: S
)
Saturday, January 27. 08:17 PM 
 
 Server konec vlakna 

Saturday, January 27. 08:17 PM 
 
 Odhlasen uzivatel: A
)
Saturday, January 27. 08:18 PM 
 
 Server bezi na portu: 22343

Saturday, January 27. 08:18 PM 
 
 Server bezi na adrese: 127.0.0.1

Saturday, January 27. 08:18 PM 
 
 Server bezi na adrese 127.0.0.1: 

Saturday, January 27. 08:18 PM 
 
 Server bezi na portu: 22343

Saturday, January 27. 08:18 PM 
 
 Server bezi na adrese: 127.0.0.1

Saturday, January 27. 08:18 PM 
 
 Server bezi na adrese 127.0.0.1: 

Saturday, January 27. 08:18 PM 
 
 Chyba serveru "bind":

Saturday, January 27. 08:18 PM 
 
 connection from 127.0.0.1:50580

Saturday, January 27. 08:18 PM 
 
 Server bezi na portu: 22343

Saturday, January 27. 08:18 PM 
 
 Server bezi na adrese: 127.0.0.1

Saturday, January 27. 08:18 PM 
 
 Server bezi na adrese 127.0.0.1: 

Saturday, January 27. 08:18 PM 
 
 Chyba serveru "bind":

Saturday, January 27. 08:18 PM 
 
 connection from 127.0.0.1:50582

Saturday, January 27. 08:18 PM 
 
 Registrace uzivatele: A

Saturday, January 27. 08:18 PM 
 
 Registrace uzivatele: S

Saturday, January 27. 08:18 PM 
 
 Prihlaseny uzivatel: A

Saturday, January 27. 08:18 PM 
 
 Prihlaseny uzivatel: S

Saturday, January 27. 08:19 PM 
 
 Odhlasen uzivatel: A
)
Saturday, January 27. 08:19 PM 
 
 Server konec vlakna 

Saturday, January 27. 08:19 PM 
 
 Server bezi na portu: 22343

Saturday, January 27. 08:19 PM 
 
 Server bezi na adrese: 127.0.0.1

Saturday, January 27. 08:19 PM 
 
 Server bezi na adrese 127.0.0.1: 

Saturday, January 27. 08:19 PM 
 
 connection from 127.0.0.1:50584

Saturday, January 27. 08:19 PM 
 
 connection from 127.0.0.1:50586

Saturday, January 27. 08:19 PM 
 
 Registrace uzivatele: A

Saturday, January 27. 08:20 PM 
 
 Registrace uzivatele: S

Saturday, January 27. 08:20 PM 
 
 Prihlaseny uzivatel: A

Saturday, January 27. 08:20 PM 
 
 Prihlaseny uzivatel: S

Saturday, January 27. 08:20 PM 
 
 Odhlasen uzivatel: A
)
Saturday, January 27. 08:20 PM 
 
 Server konec vlakna 

Saturday, January 27. 08:22 PM 
 
 Server bezi na portu: 22343

Saturday, January 27. 08:22 PM 
 
 Server bezi na adrese: 127.0.0.1

Saturday, January 27. 08:22 PM 
 
 Server bezi na adrese 127.0.0.1: 

Saturday, January 27. 08:22 PM 
 
 connection from 127.0.0.1:50590

Saturday, January 27. 08:22 PM 
 
 Registrace uzivatele: A

Saturday, January 27. 08:22 PM 
 
 Registrace uzivatele: S

Saturday, January 27. 08:22 PM 
 
 connection from 127.0.0.1:50592

Saturday, January 27. 08:22 PM 
 
 Prihlaseny uzivatel: A

Saturday, January 27. 08:22 PM 
 
 Prihlaseny uzivatel: S

Saturday, January 27. 08:22 PM 
 
 Prijata zprava :endGame nevalidni vstup 

Saturday, January 27. 08:23 PM 
 
 Odhlasen uzivatel: S
)
Saturday, January 27. 08:23 PM 
 
 Server konec vlakna 

Saturday, January 27. 08:23 PM 
 
 connection from 127.0.0.1:50596

Saturday, January 27. 08:23 PM 
 
 Prihlaseny uzivatel: S

Saturday, January 27. 08:23 PM 
 
 Odhlasen uzivatel: S
)
Saturday, January 27. 08:23 PM 
 
 Server bezi na portu: 22343

Saturday, January 27. 08:23 PM 
 
 Server bezi na adrese: 127.0.0.1

Saturday, January 27. 08:23 PM 
 
 Server bezi na adrese 127.0.0.1: 

Saturday, January 27. 08:23 PM 
 
 connection from 127.0.0.1:50602

Saturday, January 27. 08:23 PM 
 
 connection from 127.0.0.1:50604

Saturday, January 27. 08:23 PM 
 
 Registrace uzivatele: A

Saturday, January 27. 08:23 PM 
 
 Registrace uzivatele: S

Saturday, January 27. 08:23 PM 
 
 Prihlaseny uzivatel: A

Saturday, January 27. 08:23 PM 
 
 Prihlaseny uzivatel: S

Saturday, January 27. 08:23 PM 
 
 Prijata zprava :endGame nevalidni vstup 

Saturday, January 27. 08:24 PM 
 
 Odhlasen uzivatel: S
)
Saturday, January 27. 08:24 PM 
 
 Server konec vlakna 

Saturday, January 27. 08:24 PM 
 
 connection from 127.0.0.1:50606

Saturday, January 27. 08:24 PM 
 
 Prihlaseny uzivatel: S

Saturday, January 27. 08:24 PM 
 
 Odhlasen uzivatel: S
)
Saturday, January 27. 08:24 PM 
 
 Server konec vlakna 

Saturday, January 27. 08:24 PM 
 
 connection from 127.0.0.1:50608

Saturday, January 27. 08:24 PM 
 
 Prihlaseny uzivatel: S

Saturday, January 27. 08:25 PM 
 
 Odhlasen uzivatel: S
)
Sunday, January 28. 06:32 PM 
 
 Server bezi na portu: 22434

Sunday, January 28. 06:32 PM 
 
 Server bezi na adrese: 

Sunday, January 28. 06:32 PM 
 
 Server bezi na vsech interfaces: 

Sunday, January 28. 06:32 PM 
 
 Server bezi na portu: 22343

Sunday, January 28. 06:32 PM 
 
 Server bezi na adrese: 127.0.0.1

Sunday, January 28. 06:32 PM 
 
 Server bezi na adrese 127.0.0.1: 

Sunday, January 28. 06:32 PM 
 
 connection from 127.0.0.1:47282

Sunday, January 28. 06:32 PM 
 
 Server bezi na portu: 22343

Sunday, January 28. 06:32 PM 
 
 Server bezi na adrese: 127.0.0.1

Sunday, January 28. 06:32 PM 
 
 Server bezi na adrese 127.0.0.1: 

Sunday, January 28. 06:32 PM 
 
 Chyba serveru "bind":

Sunday, January 28. 06:32 PM 
 
 connection from 127.0.0.1:47284

Sunday, January 28. 06:32 PM 
 
 Registrace uzivatele: A

Sunday, January 28. 06:33 PM 
 
 Registrace uzivatele: S

Sunday, January 28. 06:33 PM 
 
 Prihlaseny uzivatel: A

Sunday, January 28. 06:33 PM 
 
 Prihlaseny uzivatel: S

Sunday, January 28. 06:36 PM 
 
 Prijata zprava :endGame nevalidni vstup 

Sunday, January 28. 06:36 PM 
 
 connection from 127.0.0.1:47286

Sunday, January 28. 06:36 PM 
 
 Registrace uzivatele: Q

Sunday, January 28. 06:36 PM 
 
 Prihlaseny uzivatel: Q

Sunday, January 28. 06:36 PM 
 
 Server konec vlakna 

Sunday, January 28. 06:36 PM 
 
 Odhlasen uzivatel: S
)
Sunday, January 28. 06:36 PM 
 
 Server konec vlakna 

Monday, January 29. 10:15 PM 
 
 Server bezi na portu: 22343

Monday, January 29. 10:15 PM 
 
 Server bezi na adrese: 127.0.0.1

Monday, January 29. 10:15 PM 
 
 Server bezi na adrese 127.0.0.1: 

Monday, January 29. 10:15 PM 
 
 connection from 127.0.0.1:36452

Monday, January 29. 10:15 PM 
 
 connection from 127.0.0.1:36454

Monday, January 29. 10:15 PM 
 
 Registrace uzivatele: A

Monday, January 29. 10:15 PM 
 
 Prihlaseny uzivatel: A

Monday, January 29. 10:15 PM 
 
 Server konec vlakna 

Monday, January 29. 10:15 PM 
 
 connection from 127.0.0.1:36456

Monday, January 29. 10:16 PM 
 
 Registrace uzivatele: S

Monday, January 29. 10:16 PM 
 
 connection from 127.0.0.1:36458

Monday, January 29. 10:16 PM 
 
 Prihlaseny uzivatel: A

Monday, January 29. 10:16 PM 
 
 connection from 127.0.0.1:36460

Monday, January 29. 10:16 PM 
 
 Prihlaseny uzivatel: S

Monday, January 29. 10:16 PM 
 
 Odhlasen uzivatel: S
)
Monday, January 29. 10:16 PM 
 
 Server konec vlakna 

Wednesday, January 31. 09:02 AM 
 
 Server bezi na portu: 22343

Wednesday, January 31. 09:02 AM 
 
 Server bezi na adrese: 127.0.0.1

Wednesday, January 31. 09:02 AM 
 
 Server bezi na adrese 127.0.0.1: 

Wednesday, January 31. 09:02 AM 
 
 connection from 127.0.0.1:37224

Wednesday, January 31. 09:02 AM 
 
 connection from 127.0.0.1:37226

Wednesday, January 31. 09:03 AM 
 
 Registrace uzivatele: A

Wednesday, January 31. 09:05 AM 
 
 Registrace uzivatele: S

Wednesday, January 31. 09:05 AM 
 
 Prihlaseny uzivatel: A

Wednesday, January 31. 09:06 AM 
 
 Prihlaseny uzivatel: S

Wednesday, January 31. 09:15 AM 
 
 Odhlasen uzivatel: A
)
Wednesday, January 31. 09:15 AM 
 
 Server konec vlakna 

Wednesday, January 31. 09:15 AM 
 
 connection from 127.0.0.1:37250

Wednesday, January 31. 09:15 AM 
 
 connection from 127.0.0.1:37252

Wednesday, January 31. 09:15 AM 
 
 Prihlaseny uzivatel: S

Wednesday, January 31. 09:15 AM 
 
 Prihlaseny uzivatel: A

Wednesday, January 31. 09:25 AM 
 
 Prijata zprava :endGame nevalidni vstup 

Wednesday, January 31. 09:25 AM 
 
 Odhlasen uzivatel: A
)
Wednesday, January 31. 09:25 AM 
 
 Server konec vlakna 

Wednesday, January 31. 09:25 AM 
 
 connection from 127.0.0.1:37254

Wednesday, January 31. 09:25 AM 
 
 connection from 127.0.0.1:37256

